#
# A fatal error has been detected by the Java Runtime Environment:
#
#  Internal Error (javaClasses.cpp:136), pid=10291, tid=3061672768
#  fatal error: Invalid layout of preloaded class
#
# JRE version:  (7.0_51-b13) (build )
# Java VM: Java HotSpot(TM) Server VM (24.51-b03 mixed mode linux-x86 )
# Failed to write core dump. Core dumps have been disabled. To enable core dumping, try "ulimit -c unlimited" before starting Java again
#
# If you would like to submit a bug report, please visit:
#   http://bugreport.sun.com/bugreport/crash.jsp
#

---------------  T H R E A D  ---------------

Current thread (0xb6607400):  JavaThread "Unknown thread" [_thread_in_vm, id=10293, stack(0xb6786000,0xb67d7000)]

Stack: [0xb6786000,0xb67d7000],  sp=0xb67d5d80,  free space=319k
Native frames: (J=compiled Java code, j=interpreted, Vv=VM code, C=native code)
V  [libjvm.so+0x7dcac6]  VMError::report_and_die()+0x1a6
V  [libjvm.so+0x33a8bc]  report_fatal(char const*, int, char const*)+0x4c
V  [libjvm.so+0x484d5e]  compute_offset(int&, klassOopDesc*, Symbol*, Symbol*, bool)+0x10e
V  [libjvm.so+0x4870b4]  java_lang_String::compute_offsets()+0x44
V  [libjvm.so+0x769fcd]  SystemDictionary::initialize_preloaded_classes(Thread*)+0x22d
V  [libjvm.so+0x7b29f0]  Universe::genesis(Thread*)+0x410
V  [libjvm.so+0x7b2e5f]  universe2_init()+0x1f
V  [libjvm.so+0x449fb0]  init_globals()+0xa0
V  [libjvm.so+0x79aea0]  Threads::create_vm(JavaVMInitArgs*, bool*)+0x200
V  [libjvm.so+0x4bc12c]  JNI_CreateJavaVM+0x5c
C  [libjli.so+0x2668]  JavaMain+0x98
C  [libpthread.so.0+0x6d78]  start_thread+0xd8


---------------  P R O C E S S  ---------------

Java Threads: ( => current thread )

Other Threads:

=>0xb6607400 (exited) JavaThread "Unknown thread" [_thread_in_vm, id=10293, stack(0xb6786000,0xb67d7000)]

VM state:not at safepoint (not fully initialized)

VM Mutex/Monitor currently owned by a thread: None

GC Heap History (0 events):
No events

Deoptimization events (0 events):
No events

Internal exceptions (0 events):
No events

Events (10 events):
Event: 0.014 loading class 0x72f24670 done
Event: 0.014 loading class 0x72f24100 done
Event: 0.014 loading class 0x72f240e0
Event: 0.015 loading class 0x72f2b408
Event: 0.015 loading class 0x72f2b408 done
Event: 0.015 loading class 0x72f2b438
Event: 0.015 loading class 0x72f2b438 done
Event: 0.015 loading class 0x72f2b468
Event: 0.015 loading class 0x72f2b468 done
Event: 0.015 loading class 0x72f240e0 done


Dynamic libraries:
08048000-08049000 r-xp 00000000 08:06 2514846    /usr/local/java/jdk1.7.0_51/bin/java
08049000-0804a000 rw-p 00000000 08:06 2514846    /usr/local/java/jdk1.7.0_51/bin/java
093ab000-093cc000 rw-p 00000000 00:00 0          [heap]
70310000-70529000 rw-p 00000000 00:00 0 
70529000-70600000 r--s 013fe000 08:06 1852667    /home/android/Documents/adt-bundle-linux-x86-20131030/sdk/platforms/android-19/android.jar
70600000-72a00000 rw-p 00000000 00:00 0 
72a00000-72a21000 rw-p 00000000 00:00 0 
72a21000-72b00000 ---p 00000000 00:00 0 
72b7f000-72b80000 ---p 00000000 00:00 0 
72b80000-72c00000 rw-p 00000000 00:00 0          [stack:10301]
72c00000-72c21000 rw-p 00000000 00:00 0 
72c21000-72d00000 ---p 00000000 00:00 0 
72d58000-72d7f000 rw-p 00000000 00:00 0 
72d7f000-72d80000 ---p 00000000 00:00 0 
72d80000-72e00000 rw-p 00000000 00:00 0          [stack:10300]
72e00000-72e21000 rw-p 00000000 00:00 0 
72e21000-72f00000 ---p 00000000 00:00 0 
72f24000-72f7f000 rw-p 00000000 00:00 0 
72f7f000-72f80000 ---p 00000000 00:00 0 
72f80000-73000000 rw-p 00000000 00:00 0          [stack:10299]
73000000-73021000 rw-p 00000000 00:00 0 
73021000-73100000 ---p 00000000 00:00 0 
73126000-7313e000 rw-p 00000000 00:00 0 
7313e000-7313f000 ---p 00000000 00:00 0 
7313f000-731d3000 rw-p 00000000 00:00 0          [stack:10298]
731d3000-732ff000 rw-p 00000000 00:00 0 
732ff000-73307000 rw-p 00000000 00:00 0 
73307000-7331f000 rw-p 00000000 00:00 0 
7331f000-73333000 rw-p 00000000 00:00 0 
73333000-7345f000 rw-p 00000000 00:00 0 
7345f000-73469000 rw-p 00000000 00:00 0 
73469000-734ff000 rw-p 00000000 00:00 0 
734ff000-74500000 rw-p 00000000 00:00 0 
74500000-77500000 rw-p 00000000 00:00 0 
77500000-79d00000 rw-p 00000000 00:00 0 
79d00000-9f500000 rw-p 00000000 00:00 0 
9f500000-a0900000 rw-p 00000000 00:00 0 
a0900000-b3500000 rw-p 00000000 00:00 0 
b3508000-b3510000 rw-p 00000000 00:00 0 
b3510000-b3528000 rw-p 00000000 00:00 0 
b3528000-b3531000 rw-p 00000000 00:00 0 
b3531000-b35e8000 rw-p 00000000 00:00 0 
b35e8000-b3828000 rwxp 00000000 00:00 0 
b3828000-b65e8000 rw-p 00000000 00:00 0 
b65e8000-b65ff000 r-xp 00000000 08:06 2641210    /usr/local/java/jdk1.7.0_51/jre/lib/i386/libzip.so
b65ff000-b6600000 rw-p 00017000 08:06 2641210    /usr/local/java/jdk1.7.0_51/jre/lib/i386/libzip.so
b6600000-b665e000 rw-p 00000000 00:00 0 
b665e000-b6700000 ---p 00000000 00:00 0 
b6710000-b671b000 r-xp 00000000 08:06 525313     /lib/i386-linux-gnu/libnss_files-2.17.so
b671b000-b671c000 r--p 0000a000 08:06 525313     /lib/i386-linux-gnu/libnss_files-2.17.so
b671c000-b671d000 rw-p 0000b000 08:06 525313     /lib/i386-linux-gnu/libnss_files-2.17.so
b671d000-b6727000 r-xp 00000000 08:06 525317     /lib/i386-linux-gnu/libnss_nis-2.17.so
b6727000-b6728000 r--p 00009000 08:06 525317     /lib/i386-linux-gnu/libnss_nis-2.17.so
b6728000-b6729000 rw-p 0000a000 08:06 525317     /lib/i386-linux-gnu/libnss_nis-2.17.so
b6729000-b673e000 r-xp 00000000 08:06 525307     /lib/i386-linux-gnu/libnsl-2.17.so
b673e000-b673f000 r--p 00014000 08:06 525307     /lib/i386-linux-gnu/libnsl-2.17.so
b673f000-b6740000 rw-p 00015000 08:06 525307     /lib/i386-linux-gnu/libnsl-2.17.so
b6740000-b6742000 rw-p 00000000 00:00 0 
b674e000-b6751000 rw-p 00000000 00:00 0 
b6751000-b6759000 rw-s 00000000 08:06 1576069    /tmp/hsperfdata_android/10291
b6759000-b677c000 r-xp 00000000 08:06 2641173    /usr/local/java/jdk1.7.0_51/jre/lib/i386/libjava.so
b677c000-b677d000 rw-p 00022000 08:06 2641173    /usr/local/java/jdk1.7.0_51/jre/lib/i386/libjava.so
b677d000-b6784000 r-xp 00000000 08:06 525360     /lib/i386-linux-gnu/librt-2.17.so
b6784000-b6785000 r--p 00006000 08:06 525360     /lib/i386-linux-gnu/librt-2.17.so
b6785000-b6786000 rw-p 00007000 08:06 525360     /lib/i386-linux-gnu/librt-2.17.so
b6786000-b6789000 ---p 00000000 00:00 0 
b6789000-b67d7000 rw-p 00000000 00:00 0          [stack:10293]
b67d7000-b6818000 r-xp 00000000 08:06 525288     /lib/i386-linux-gnu/libm-2.17.so
b6818000-b6819000 r--p 00040000 08:06 525288     /lib/i386-linux-gnu/libm-2.17.so
b6819000-b681a000 rw-p 00041000 08:06 525288     /lib/i386-linux-gnu/libm-2.17.so
b681a000-b7091000 r-xp 00000000 08:06 2641209    /usr/local/java/jdk1.7.0_51/jre/lib/i386/server/libjvm.so
b7091000-b70f5000 rw-p 00877000 08:06 2641209    /usr/local/java/jdk1.7.0_51/jre/lib/i386/server/libjvm.so
b70f5000-b7519000 rw-p 00000000 00:00 0 
b7519000-b76c7000 r-xp 00000000 08:06 525237     /lib/i386-linux-gnu/libc-2.17.so
b76c7000-b76c9000 r--p 001ae000 08:06 525237     /lib/i386-linux-gnu/libc-2.17.so
b76c9000-b76ca000 rw-p 001b0000 08:06 525237     /lib/i386-linux-gnu/libc-2.17.so
b76ca000-b76cd000 rw-p 00000000 00:00 0 
b76cd000-b76d0000 r-xp 00000000 08:06 525252     /lib/i386-linux-gnu/libdl-2.17.so
b76d0000-b76d1000 r--p 00002000 08:06 525252     /lib/i386-linux-gnu/libdl-2.17.so
b76d1000-b76d2000 rw-p 00003000 08:06 525252     /lib/i386-linux-gnu/libdl-2.17.so
b76d2000-b76e5000 r-xp 00000000 08:06 2500459    /usr/local/java/jdk1.7.0_51/lib/i386/jli/libjli.so
b76e5000-b76e6000 rw-p 00012000 08:06 2500459    /usr/local/java/jdk1.7.0_51/lib/i386/jli/libjli.so
b76e6000-b76e7000 rw-p 00000000 00:00 0 
b76e7000-b76fe000 r-xp 00000000 08:06 525352     /lib/i386-linux-gnu/libpthread-2.17.so
b76fe000-b76ff000 r--p 00016000 08:06 525352     /lib/i386-linux-gnu/libpthread-2.17.so
b76ff000-b7700000 rw-p 00017000 08:06 525352     /lib/i386-linux-gnu/libpthread-2.17.so
b7700000-b7702000 rw-p 00000000 00:00 0 
b7702000-b7709000 r-xp 00000000 08:06 525309     /lib/i386-linux-gnu/libnss_compat-2.17.so
b7709000-b770a000 r--p 00006000 08:06 525309     /lib/i386-linux-gnu/libnss_compat-2.17.so
b770a000-b770b000 rw-p 00007000 08:06 525309     /lib/i386-linux-gnu/libnss_compat-2.17.so
b770b000-b770c000 rw-p 00000000 00:00 0 
b770c000-b770d000 r--p 00000000 00:00 0 
b770d000-b7718000 r-xp 00000000 08:06 2641155    /usr/local/java/jdk1.7.0_51/jre/lib/i386/libverify.so
b7718000-b7719000 rw-p 0000b000 08:06 2641155    /usr/local/java/jdk1.7.0_51/jre/lib/i386/libverify.so
b7719000-b771b000 rw-p 00000000 00:00 0 
b771b000-b771c000 r-xp 00000000 00:00 0          [vdso]
b771c000-b773c000 r-xp 00000000 08:06 525213     /lib/i386-linux-gnu/ld-2.17.so
b773c000-b773d000 r--p 0001f000 08:06 525213     /lib/i386-linux-gnu/ld-2.17.so
b773d000-b773e000 rw-p 00020000 08:06 525213     /lib/i386-linux-gnu/ld-2.17.so
bffa1000-bffc2000 rw-p 00000000 00:00 0          [stack]

VM Arguments:
jvm_args: -Dfile.encoding=UTF-8 -Xbootclasspath:/home/android/Documents/adt-bundle-linux-x86-20131030/sdk/platforms/android-19/android.jar 
java_command: edu.buffalo.cse.cse486586.simpledynamo.test
Launcher Type: SUN_STANDARD

Environment Variables:
PATH=/usr/lib/lightdm/lightdm:/usr/local/sbin:/usr/local/bin:/usr/sbin:/usr/bin:/sbin:/bin:/usr/games:/usr/local/games:/usr/local/java/jdk1.7.0_51/bin:/usr/local/hadoop/bin:/usr/local/hadoop/sbin:/usr/local/maven/bin
LD_LIBRARY_PATH=/usr/local/java/jdk1.7.0_51/jre/lib/i386/server:/usr/local/java/jdk1.7.0_51/jre/lib/i386:/usr/local/java/jdk1.7.0_51/jre/../lib/i386:/usr/local/java/jdk1.7.0_51/jre/lib/i386/client:/usr/local/java/jdk1.7.0_51/jre/lib/i386:
SHELL=/bin/bash
DISPLAY=:0.0

Signal Handlers:
SIGSEGV: [libjvm.so+0x7dd5e0], sa_mask[0]=0x7ffbfeff, sa_flags=0x10000004
SIGBUS: [libjvm.so+0x7dd5e0], sa_mask[0]=0x7ffbfeff, sa_flags=0x10000004
SIGFPE: [libjvm.so+0x678d60], sa_mask[0]=0x7ffbfeff, sa_flags=0x10000004
SIGPIPE: [libjvm.so+0x678d60], sa_mask[0]=0x7ffbfeff, sa_flags=0x10000004
SIGXFSZ: [libjvm.so+0x678d60], sa_mask[0]=0x7ffbfeff, sa_flags=0x10000004
SIGILL: [libjvm.so+0x678d60], sa_mask[0]=0x7ffbfeff, sa_flags=0x10000004
SIGUSR1: SIG_DFL, sa_mask[0]=0x00000000, sa_flags=0x00000000
SIGUSR2: [libjvm.so+0x67a250], sa_mask[0]=0x00000004, sa_flags=0x10000004
SIGHUP: SIG_DFL, sa_mask[0]=0x00000000, sa_flags=0x00000000
SIGINT: SIG_DFL, sa_mask[0]=0x00000000, sa_flags=0x00000000
SIGTERM: SIG_DFL, sa_mask[0]=0x00000000, sa_flags=0x00000000
SIGQUIT: SIG_DFL, sa_mask[0]=0x00000000, sa_flags=0x00000000


---------------  S Y S T E M  ---------------

OS:wheezy/sid

uname:Linux 3.11.0-19-generic #33-Ubuntu SMP Tue Mar 11 18:48:32 UTC 2014 i686
libc:glibc 2.17 NPTL 2.17 
rlimit: STACK 8192k, CORE 0k, NPROC 30531, NOFILE 4096, AS infinity
load average:0.53 0.60 0.81

/proc/meminfo:
MemTotal:        3926400 kB
MemFree:          721376 kB
Buffers:           22676 kB
Cached:           907384 kB
SwapCached:       328740 kB
Active:          2120068 kB
Inactive:         887232 kB
Active(anon):    1937168 kB
Inactive(anon):   718184 kB
Active(file):     182900 kB
Inactive(file):   169048 kB
Unevictable:          68 kB
Mlocked:              68 kB
HighTotal:       3075152 kB
HighFree:         374028 kB
LowTotal:         851248 kB
LowFree:          347348 kB
SwapTotal:      15359996 kB
SwapFree:       13885340 kB
Dirty:                96 kB
Writeback:             0 kB
AnonPages:       2053276 kB
Mapped:           141088 kB
Shmem:            578112 kB
Slab:             118092 kB
SReclaimable:      46064 kB
SUnreclaim:        72028 kB
KernelStack:        5368 kB
PageTables:        21688 kB
NFS_Unstable:          0 kB
Bounce:                0 kB
WritebackTmp:          0 kB
CommitLimit:    17323196 kB
Committed_AS:   11484308 kB
VmallocTotal:     122880 kB
VmallocUsed:       23468 kB
VmallocChunk:      75976 kB
HardwareCorrupted:     0 kB
AnonHugePages:         0 kB
HugePages_Total:       0
HugePages_Free:        0
HugePages_Rsvd:        0
HugePages_Surp:        0
Hugepagesize:       2048 kB
DirectMap4k:       18424 kB
DirectMap2M:      894976 kB


CPU:total 4 (2 cores per cpu, 2 threads per core) family 6 model 37 stepping 5, cmov, cx8, fxsr, mmx, sse, sse2, sse3, ssse3, sse4.1, sse4.2, popcnt, ht, tsc, tscinvbit

/proc/cpuinfo:
processor	: 0
vendor_id	: GenuineIntel
cpu family	: 6
model		: 37
model name	: Intel(R) Core(TM) i3 CPU       M 370  @ 2.40GHz
stepping	: 5
microcode	: 0x2
cpu MHz		: 2394.000
cache size	: 3072 KB
physical id	: 0
siblings	: 4
core id		: 0
cpu cores	: 2
apicid		: 0
initial apicid	: 0
fdiv_bug	: no
f00f_bug	: no
coma_bug	: no
fpu		: yes
fpu_exception	: yes
cpuid level	: 11
wp		: yes
flags		: fpu vme de pse tsc msr pae mce cx8 apic sep mtrr pge mca cmov pat pse36 clflush dts acpi mmx fxsr sse sse2 ss ht tm pbe nx rdtscp lm constant_tsc arch_perfmon pebs bts xtopology nonstop_tsc aperfmperf pni dtes64 monitor ds_cpl vmx est tm2 ssse3 cx16 xtpr pdcm pcid sse4_1 sse4_2 popcnt lahf_lm arat dtherm tpr_shadow vnmi flexpriority ept vpid
bogomips	: 4800.20
clflush size	: 64
cache_alignment	: 64
address sizes	: 36 bits physical, 48 bits virtual
power management:

processor	: 1
vendor_id	: GenuineIntel
cpu family	: 6
model		: 37
model name	: Intel(R) Core(TM) i3 CPU       M 370  @ 2.40GHz
stepping	: 5
microcode	: 0x2
cpu MHz		: 1330.000
cache size	: 3072 KB
physical id	: 0
siblings	: 4
core id		: 2
cpu cores	: 2
apicid		: 4
initial apicid	: 4
fdiv_bug	: no
f00f_bug	: no
coma_bug	: no
fpu		: yes
fpu_exception	: yes
cpuid level	: 11
wp		: yes
flags		: fpu vme de pse tsc msr pae mce cx8 apic sep mtrr pge mca cmov pat pse36 clflush dts acpi mmx fxsr sse sse2 ss ht tm pbe nx rdtscp lm constant_tsc arch_perfmon pebs bts xtopology nonstop_tsc aperfmperf pni dtes64 monitor ds_cpl vmx est tm2 ssse3 cx16 xtpr pdcm pcid sse4_1 sse4_2 popcnt lahf_lm arat dtherm tpr_shadow vnmi flexpriority ept vpid
bogomips	: 4800.20
clflush size	: 64
cache_alignment	: 64
address sizes	: 36 bits physical, 48 bits virtual
power management:

processor	: 2
vendor_id	: GenuineIntel
cpu family	: 6
model		: 37
model name	: Intel(R) Core(TM) i3 CPU       M 370  @ 2.40GHz
stepping	: 5
microcode	: 0x2
cpu MHz		: 2394.000
cache size	: 3072 KB
physical id	: 0
siblings	: 4
core id		: 0
cpu cores	: 2
apicid		: 1
initial apicid	: 1
fdiv_bug	: no
f00f_bug	: no
coma_bug	: no
fpu		: yes
fpu_exception	: yes
cpuid level	: 11
wp		: yes
flags		: fpu vme de pse tsc msr pae mce cx8 apic sep mtrr pge mca cmov pat pse36 clflush dts acpi mmx fxsr sse sse2 ss ht tm pbe nx rdtscp lm constant_tsc arch_perfmon pebs bts xtopology nonstop_tsc aperfmperf pni dtes64 monitor ds_cpl vmx est tm2 ssse3 cx16 xtpr pdcm pcid sse4_1 sse4_2 popcnt lahf_lm arat dtherm tpr_shadow vnmi flexpriority ept vpid
bogomips	: 4800.20
clflush size	: 64
cache_alignment	: 64
address sizes	: 36 bits physical, 48 bits virtual
power management:

processor	: 3
vendor_id	: GenuineIntel
cpu family	: 6
model		: 37
model name	: Intel(R) Core(TM) i3 CPU       M 370  @ 2.40GHz
stepping	: 5
microcode	: 0x2
cpu MHz		: 931.000
cache size	: 3072 KB
physical id	: 0
siblings	: 4
core id		: 2
cpu cores	: 2
apicid		: 5
initial apicid	: 5
fdiv_bug	: no
f00f_bug	: no
coma_bug	: no
fpu		: yes
fpu_exception	: yes
cpuid level	: 11
wp		: yes
flags		: fpu vme de pse tsc msr pae mce cx8 apic sep mtrr pge mca cmov pat pse36 clflush dts acpi mmx fxsr sse sse2 ss ht tm pbe nx rdtscp lm constant_tsc arch_perfmon pebs bts xtopology nonstop_tsc aperfmperf pni dtes64 monitor ds_cpl vmx est tm2 ssse3 cx16 xtpr pdcm pcid sse4_1 sse4_2 popcnt lahf_lm arat dtherm tpr_shadow vnmi flexpriority ept vpid
bogomips	: 4800.20
clflush size	: 64
cache_alignment	: 64
address sizes	: 36 bits physical, 48 bits virtual
power management:



Memory: 4k page, physical 3926400k(721376k free), swap 15359996k(13885340k free)

vm_info: Java HotSpot(TM) Server VM (24.51-b03) for linux-x86 JRE (1.7.0_51-b13), built on Dec 18 2013 18:45:30 by "java_re" with gcc 4.3.0 20080428 (Red Hat 4.3.0-8)

time: Sun May  4 23:45:26 2014
elapsed time: 0 seconds

