#
# A fatal error has been detected by the Java Runtime Environment:
#
#  Internal Error (javaClasses.cpp:136), pid=10070, tid=3062266688
#  fatal error: Invalid layout of preloaded class
#
# JRE version:  (7.0_51-b13) (build )
# Java VM: Java HotSpot(TM) Server VM (24.51-b03 mixed mode linux-x86 )
# Failed to write core dump. Core dumps have been disabled. To enable core dumping, try "ulimit -c unlimited" before starting Java again
#
# If you would like to submit a bug report, please visit:
#   http://bugreport.sun.com/bugreport/crash.jsp
#

---------------  T H R E A D  ---------------

Current thread (0xb6707400):  JavaThread "Unknown thread" [_thread_in_vm, id=10078, stack(0xb6817000,0xb6868000)]

Stack: [0xb6817000,0xb6868000],  sp=0xb6866d80,  free space=319k
Native frames: (J=compiled Java code, j=interpreted, Vv=VM code, C=native code)
V  [libjvm.so+0x7dcac6]  VMError::report_and_die()+0x1a6
V  [libjvm.so+0x33a8bc]  report_fatal(char const*, int, char const*)+0x4c
V  [libjvm.so+0x484d5e]  compute_offset(int&, klassOopDesc*, Symbol*, Symbol*, bool)+0x10e
V  [libjvm.so+0x4870b4]  java_lang_String::compute_offsets()+0x44
V  [libjvm.so+0x769fcd]  SystemDictionary::initialize_preloaded_classes(Thread*)+0x22d
V  [libjvm.so+0x7b29f0]  Universe::genesis(Thread*)+0x410
V  [libjvm.so+0x7b2e5f]  universe2_init()+0x1f
V  [libjvm.so+0x449fb0]  init_globals()+0xa0
V  [libjvm.so+0x79aea0]  Threads::create_vm(JavaVMInitArgs*, bool*)+0x200
V  [libjvm.so+0x4bc12c]  JNI_CreateJavaVM+0x5c
C  [libjli.so+0x2668]  JavaMain+0x98
C  [libpthread.so.0+0x6d78]  start_thread+0xd8


---------------  P R O C E S S  ---------------

Java Threads: ( => current thread )

Other Threads:

=>0xb6707400 (exited) JavaThread "Unknown thread" [_thread_in_vm, id=10078, stack(0xb6817000,0xb6868000)]

VM state:not at safepoint (not fully initialized)

VM Mutex/Monitor currently owned by a thread: None

GC Heap History (0 events):
No events

Deoptimization events (0 events):
No events

Internal exceptions (0 events):
No events

Events (10 events):
Event: 0.155 loading class 0x72f24670 done
Event: 0.155 loading class 0x72f24100 done
Event: 0.155 loading class 0x72f240e0
Event: 0.156 loading class 0x72f2b408
Event: 0.156 loading class 0x72f2b408 done
Event: 0.156 loading class 0x72f2b438
Event: 0.156 loading class 0x72f2b438 done
Event: 0.156 loading class 0x72f2b468
Event: 0.156 loading class 0x72f2b468 done
Event: 0.156 loading class 0x72f240e0 done


Dynamic libraries:
08048000-08049000 r-xp 00000000 08:06 2514846    /usr/local/java/jdk1.7.0_51/bin/java
08049000-0804a000 rw-p 00000000 08:06 2514846    /usr/local/java/jdk1.7.0_51/bin/java
08c23000-08c44000 rw-p 00000000 00:00 0          [heap]
70410000-70629000 rw-p 00000000 00:00 0 
70629000-70700000 r--s 013fe000 08:06 1852667    /home/android/Documents/adt-bundle-linux-x86-20131030/sdk/platforms/android-19/android.jar
70700000-72b00000 rw-p 00000000 00:00 0 
72b00000-72b21000 rw-p 00000000 00:00 0 
72b21000-72c00000 ---p 00000000 00:00 0 
72c7f000-72c80000 ---p 00000000 00:00 0 
72c80000-72d00000 rw-p 00000000 00:00 0          [stack:10082]
72d00000-72d21000 rw-p 00000000 00:00 0 
72d21000-72e00000 ---p 00000000 00:00 0 
72e00000-72e21000 rw-p 00000000 00:00 0 
72e21000-72f00000 ---p 00000000 00:00 0 
72f24000-72f7f000 rw-p 00000000 00:00 0 
72f7f000-72f80000 ---p 00000000 00:00 0 
72f80000-73000000 rw-p 00000000 00:00 0          [stack:10081]
73000000-73021000 rw-p 00000000 00:00 0 
73021000-73100000 ---p 00000000 00:00 0 
7311e000-7315d000 rw-p 00000000 00:00 0 
7315d000-7315e000 ---p 00000000 00:00 0 
7315e000-731de000 rw-p 00000000 00:00 0          [stack:10080]
731de000-731df000 ---p 00000000 00:00 0 
731df000-73267000 rw-p 00000000 00:00 0          [stack:10079]
73267000-7327f000 rw-p 00000000 00:00 0 
7327f000-73293000 rw-p 00000000 00:00 0 
73293000-733bf000 rw-p 00000000 00:00 0 
733bf000-733c7000 rw-p 00000000 00:00 0 
733c7000-733df000 rw-p 00000000 00:00 0 
733df000-733f3000 rw-p 00000000 00:00 0 
733f3000-7351f000 rw-p 00000000 00:00 0 
7351f000-73529000 rw-p 00000000 00:00 0 
73529000-735bf000 rw-p 00000000 00:00 0 
735bf000-745c0000 rw-p 00000000 00:00 0 
745c0000-775c0000 rw-p 00000000 00:00 0 
775c0000-79dc0000 rw-p 00000000 00:00 0 
79dc0000-9f5c0000 rw-p 00000000 00:00 0 
9f5c0000-a09c0000 rw-p 00000000 00:00 0 
a09c0000-b35c0000 rw-p 00000000 00:00 0 
b35c7000-b35d0000 rw-p 00000000 00:00 0 
b35d0000-b3687000 rw-p 00000000 00:00 0 
b3687000-b38c7000 rwxp 00000000 00:00 0 
b38c7000-b6687000 rw-p 00000000 00:00 0 
b6687000-b669e000 r-xp 00000000 08:06 2641210    /usr/local/java/jdk1.7.0_51/jre/lib/i386/libzip.so
b669e000-b669f000 rw-p 00017000 08:06 2641210    /usr/local/java/jdk1.7.0_51/jre/lib/i386/libzip.so
b669f000-b66aa000 r-xp 00000000 08:06 525313     /lib/i386-linux-gnu/libnss_files-2.17.so
b66aa000-b66ab000 r--p 0000a000 08:06 525313     /lib/i386-linux-gnu/libnss_files-2.17.so
b66ab000-b66ac000 rw-p 0000b000 08:06 525313     /lib/i386-linux-gnu/libnss_files-2.17.so
b66ac000-b66c1000 r-xp 00000000 08:06 525307     /lib/i386-linux-gnu/libnsl-2.17.so
b66c1000-b66c2000 r--p 00014000 08:06 525307     /lib/i386-linux-gnu/libnsl-2.17.so
b66c2000-b66c3000 rw-p 00015000 08:06 525307     /lib/i386-linux-gnu/libnsl-2.17.so
b66c3000-b66c5000 rw-p 00000000 00:00 0 
b66d3000-b66d4000 rw-p 00000000 00:00 0 
b66d4000-b66dc000 rw-s 00000000 08:06 1583213    /tmp/hsperfdata_android/10070
b66dc000-b66ff000 r-xp 00000000 08:06 2641173    /usr/local/java/jdk1.7.0_51/jre/lib/i386/libjava.so
b66ff000-b6700000 rw-p 00022000 08:06 2641173    /usr/local/java/jdk1.7.0_51/jre/lib/i386/libjava.so
b6700000-b675e000 rw-p 00000000 00:00 0 
b675e000-b6800000 ---p 00000000 00:00 0 
b6800000-b6802000 rw-p 00000000 00:00 0 
b6802000-b680c000 r-xp 00000000 08:06 525317     /lib/i386-linux-gnu/libnss_nis-2.17.so
b680c000-b680d000 r--p 00009000 08:06 525317     /lib/i386-linux-gnu/libnss_nis-2.17.so
b680d000-b680e000 rw-p 0000a000 08:06 525317     /lib/i386-linux-gnu/libnss_nis-2.17.so
b680e000-b6815000 r-xp 00000000 08:06 525360     /lib/i386-linux-gnu/librt-2.17.so
b6815000-b6816000 r--p 00006000 08:06 525360     /lib/i386-linux-gnu/librt-2.17.so
b6816000-b6817000 rw-p 00007000 08:06 525360     /lib/i386-linux-gnu/librt-2.17.so
b6817000-b681a000 ---p 00000000 00:00 0 
b681a000-b6868000 rw-p 00000000 00:00 0          [stack:10078]
b6868000-b68a9000 r-xp 00000000 08:06 525288     /lib/i386-linux-gnu/libm-2.17.so
b68a9000-b68aa000 r--p 00040000 08:06 525288     /lib/i386-linux-gnu/libm-2.17.so
b68aa000-b68ab000 rw-p 00041000 08:06 525288     /lib/i386-linux-gnu/libm-2.17.so
b68ab000-b7122000 r-xp 00000000 08:06 2641209    /usr/local/java/jdk1.7.0_51/jre/lib/i386/server/libjvm.so
b7122000-b7186000 rw-p 00877000 08:06 2641209    /usr/local/java/jdk1.7.0_51/jre/lib/i386/server/libjvm.so
b7186000-b75aa000 rw-p 00000000 00:00 0 
b75aa000-b7758000 r-xp 00000000 08:06 525237     /lib/i386-linux-gnu/libc-2.17.so
b7758000-b775a000 r--p 001ae000 08:06 525237     /lib/i386-linux-gnu/libc-2.17.so
b775a000-b775b000 rw-p 001b0000 08:06 525237     /lib/i386-linux-gnu/libc-2.17.so
b775b000-b775e000 rw-p 00000000 00:00 0 
b775e000-b7761000 r-xp 00000000 08:06 525252     /lib/i386-linux-gnu/libdl-2.17.so
b7761000-b7762000 r--p 00002000 08:06 525252     /lib/i386-linux-gnu/libdl-2.17.so
b7762000-b7763000 rw-p 00003000 08:06 525252     /lib/i386-linux-gnu/libdl-2.17.so
b7763000-b7776000 r-xp 00000000 08:06 2500459    /usr/local/java/jdk1.7.0_51/lib/i386/jli/libjli.so
b7776000-b7777000 rw-p 00012000 08:06 2500459    /usr/local/java/jdk1.7.0_51/lib/i386/jli/libjli.so
b7777000-b7778000 rw-p 00000000 00:00 0 
b7778000-b778f000 r-xp 00000000 08:06 525352     /lib/i386-linux-gnu/libpthread-2.17.so
b778f000-b7790000 r--p 00016000 08:06 525352     /lib/i386-linux-gnu/libpthread-2.17.so
b7790000-b7791000 rw-p 00017000 08:06 525352     /lib/i386-linux-gnu/libpthread-2.17.so
b7791000-b7793000 rw-p 00000000 00:00 0 
b7793000-b779a000 r-xp 00000000 08:06 525309     /lib/i386-linux-gnu/libnss_compat-2.17.so
b779a000-b779b000 r--p 00006000 08:06 525309     /lib/i386-linux-gnu/libnss_compat-2.17.so
b779b000-b779c000 rw-p 00007000 08:06 525309     /lib/i386-linux-gnu/libnss_compat-2.17.so
b779c000-b779d000 rw-p 00000000 00:00 0 
b779d000-b779e000 r--p 00000000 00:00 0 
b779e000-b77a9000 r-xp 00000000 08:06 2641155    /usr/local/java/jdk1.7.0_51/jre/lib/i386/libverify.so
b77a9000-b77aa000 rw-p 0000b000 08:06 2641155    /usr/local/java/jdk1.7.0_51/jre/lib/i386/libverify.so
b77aa000-b77ac000 rw-p 00000000 00:00 0 
b77ac000-b77ad000 r-xp 00000000 00:00 0          [vdso]
b77ad000-b77cd000 r-xp 00000000 08:06 525213     /lib/i386-linux-gnu/ld-2.17.so
b77cd000-b77ce000 r--p 0001f000 08:06 525213     /lib/i386-linux-gnu/ld-2.17.so
b77ce000-b77cf000 rw-p 00020000 08:06 525213     /lib/i386-linux-gnu/ld-2.17.so
bfaa0000-bfac1000 rw-p 00000000 00:00 0          [stack]

VM Arguments:
jvm_args: -Dfile.encoding=UTF-8 -Xbootclasspath:/home/android/Documents/adt-bundle-linux-x86-20131030/sdk/platforms/android-19/android.jar 
java_command: edu.buffalo.cse.cse486586.simpledynamo.test
Launcher Type: SUN_STANDARD

Environment Variables:
PATH=/usr/lib/lightdm/lightdm:/usr/local/sbin:/usr/local/bin:/usr/sbin:/usr/bin:/sbin:/bin:/usr/games:/usr/local/games:/usr/local/java/jdk1.7.0_51/bin:/usr/local/hadoop/bin:/usr/local/hadoop/sbin:/usr/local/maven/bin
LD_LIBRARY_PATH=/usr/local/java/jdk1.7.0_51/jre/lib/i386/server:/usr/local/java/jdk1.7.0_51/jre/lib/i386:/usr/local/java/jdk1.7.0_51/jre/../lib/i386:/usr/local/java/jdk1.7.0_51/jre/lib/i386/client:/usr/local/java/jdk1.7.0_51/jre/lib/i386:
SHELL=/bin/bash
DISPLAY=:0.0

Signal Handlers:
SIGSEGV: [libjvm.so+0x7dd5e0], sa_mask[0]=0x7ffbfeff, sa_flags=0x10000004
SIGBUS: [libjvm.so+0x7dd5e0], sa_mask[0]=0x7ffbfeff, sa_flags=0x10000004
SIGFPE: [libjvm.so+0x678d60], sa_mask[0]=0x7ffbfeff, sa_flags=0x10000004
SIGPIPE: [libjvm.so+0x678d60], sa_mask[0]=0x7ffbfeff, sa_flags=0x10000004
SIGXFSZ: [libjvm.so+0x678d60], sa_mask[0]=0x7ffbfeff, sa_flags=0x10000004
SIGILL: [libjvm.so+0x678d60], sa_mask[0]=0x7ffbfeff, sa_flags=0x10000004
SIGUSR1: SIG_DFL, sa_mask[0]=0x00000000, sa_flags=0x00000000
SIGUSR2: [libjvm.so+0x67a250], sa_mask[0]=0x00000004, sa_flags=0x10000004
SIGHUP: SIG_DFL, sa_mask[0]=0x00000000, sa_flags=0x00000000
SIGINT: SIG_DFL, sa_mask[0]=0x00000000, sa_flags=0x00000000
SIGTERM: SIG_DFL, sa_mask[0]=0x00000000, sa_flags=0x00000000
SIGQUIT: SIG_DFL, sa_mask[0]=0x00000000, sa_flags=0x00000000


---------------  S Y S T E M  ---------------

OS:wheezy/sid

uname:Linux 3.11.0-19-generic #33-Ubuntu SMP Tue Mar 11 18:48:32 UTC 2014 i686
libc:glibc 2.17 NPTL 2.17 
rlimit: STACK 8192k, CORE 0k, NPROC 30531, NOFILE 4096, AS infinity
load average:0.37 0.59 0.86

/proc/meminfo:
MemTotal:        3926400 kB
MemFree:          728708 kB
Buffers:           19396 kB
Cached:           905028 kB
SwapCached:       328648 kB
Active:          2106108 kB
Inactive:         891936 kB
Active(anon):    1934180 kB
Inactive(anon):   724820 kB
Active(file):     171928 kB
Inactive(file):   167116 kB
Unevictable:          68 kB
Mlocked:              68 kB
HighTotal:       3075152 kB
HighFree:         378864 kB
LowTotal:         851248 kB
LowFree:          349844 kB
SwapTotal:      15359996 kB
SwapFree:       13885236 kB
Dirty:                16 kB
Writeback:             0 kB
AnonPages:       2050268 kB
Mapped:           139752 kB
Shmem:            584948 kB
Slab:             118092 kB
SReclaimable:      45856 kB
SUnreclaim:        72236 kB
KernelStack:        5360 kB
PageTables:        21636 kB
NFS_Unstable:          0 kB
Bounce:                0 kB
WritebackTmp:          0 kB
CommitLimit:    17323196 kB
Committed_AS:   11487620 kB
VmallocTotal:     122880 kB
VmallocUsed:       23468 kB
VmallocChunk:      75976 kB
HardwareCorrupted:     0 kB
AnonHugePages:         0 kB
HugePages_Total:       0
HugePages_Free:        0
HugePages_Rsvd:        0
HugePages_Surp:        0
Hugepagesize:       2048 kB
DirectMap4k:       18424 kB
DirectMap2M:      894976 kB


CPU:total 4 (2 cores per cpu, 2 threads per core) family 6 model 37 stepping 5, cmov, cx8, fxsr, mmx, sse, sse2, sse3, ssse3, sse4.1, sse4.2, popcnt, ht, tsc, tscinvbit

/proc/cpuinfo:
processor	: 0
vendor_id	: GenuineIntel
cpu family	: 6
model		: 37
model name	: Intel(R) Core(TM) i3 CPU       M 370  @ 2.40GHz
stepping	: 5
microcode	: 0x2
cpu MHz		: 931.000
cache size	: 3072 KB
physical id	: 0
siblings	: 4
core id		: 0
cpu cores	: 2
apicid		: 0
initial apicid	: 0
fdiv_bug	: no
f00f_bug	: no
coma_bug	: no
fpu		: yes
fpu_exception	: yes
cpuid level	: 11
wp		: yes
flags		: fpu vme de pse tsc msr pae mce cx8 apic sep mtrr pge mca cmov pat pse36 clflush dts acpi mmx fxsr sse sse2 ss ht tm pbe nx rdtscp lm constant_tsc arch_perfmon pebs bts xtopology nonstop_tsc aperfmperf pni dtes64 monitor ds_cpl vmx est tm2 ssse3 cx16 xtpr pdcm pcid sse4_1 sse4_2 popcnt lahf_lm arat dtherm tpr_shadow vnmi flexpriority ept vpid
bogomips	: 4800.20
clflush size	: 64
cache_alignment	: 64
address sizes	: 36 bits physical, 48 bits virtual
power management:

processor	: 1
vendor_id	: GenuineIntel
cpu family	: 6
model		: 37
model name	: Intel(R) Core(TM) i3 CPU       M 370  @ 2.40GHz
stepping	: 5
microcode	: 0x2
cpu MHz		: 2394.000
cache size	: 3072 KB
physical id	: 0
siblings	: 4
core id		: 2
cpu cores	: 2
apicid		: 4
initial apicid	: 4
fdiv_bug	: no
f00f_bug	: no
coma_bug	: no
fpu		: yes
fpu_exception	: yes
cpuid level	: 11
wp		: yes
flags		: fpu vme de pse tsc msr pae mce cx8 apic sep mtrr pge mca cmov pat pse36 clflush dts acpi mmx fxsr sse sse2 ss ht tm pbe nx rdtscp lm constant_tsc arch_perfmon pebs bts xtopology nonstop_tsc aperfmperf pni dtes64 monitor ds_cpl vmx est tm2 ssse3 cx16 xtpr pdcm pcid sse4_1 sse4_2 popcnt lahf_lm arat dtherm tpr_shadow vnmi flexpriority ept vpid
bogomips	: 4800.20
clflush size	: 64
cache_alignment	: 64
address sizes	: 36 bits physical, 48 bits virtual
power management:

processor	: 2
vendor_id	: GenuineIntel
cpu family	: 6
model		: 37
model name	: Intel(R) Core(TM) i3 CPU       M 370  @ 2.40GHz
stepping	: 5
microcode	: 0x2
cpu MHz		: 2394.000
cache size	: 3072 KB
physical id	: 0
siblings	: 4
core id		: 0
cpu cores	: 2
apicid		: 1
initial apicid	: 1
fdiv_bug	: no
f00f_bug	: no
coma_bug	: no
fpu		: yes
fpu_exception	: yes
cpuid level	: 11
wp		: yes
flags		: fpu vme de pse tsc msr pae mce cx8 apic sep mtrr pge mca cmov pat pse36 clflush dts acpi mmx fxsr sse sse2 ss ht tm pbe nx rdtscp lm constant_tsc arch_perfmon pebs bts xtopology nonstop_tsc aperfmperf pni dtes64 monitor ds_cpl vmx est tm2 ssse3 cx16 xtpr pdcm pcid sse4_1 sse4_2 popcnt lahf_lm arat dtherm tpr_shadow vnmi flexpriority ept vpid
bogomips	: 4800.20
clflush size	: 64
cache_alignment	: 64
address sizes	: 36 bits physical, 48 bits virtual
power management:

processor	: 3
vendor_id	: GenuineIntel
cpu family	: 6
model		: 37
model name	: Intel(R) Core(TM) i3 CPU       M 370  @ 2.40GHz
stepping	: 5
microcode	: 0x2
cpu MHz		: 931.000
cache size	: 3072 KB
physical id	: 0
siblings	: 4
core id		: 2
cpu cores	: 2
apicid		: 5
initial apicid	: 5
fdiv_bug	: no
f00f_bug	: no
coma_bug	: no
fpu		: yes
fpu_exception	: yes
cpuid level	: 11
wp		: yes
flags		: fpu vme de pse tsc msr pae mce cx8 apic sep mtrr pge mca cmov pat pse36 clflush dts acpi mmx fxsr sse sse2 ss ht tm pbe nx rdtscp lm constant_tsc arch_perfmon pebs bts xtopology nonstop_tsc aperfmperf pni dtes64 monitor ds_cpl vmx est tm2 ssse3 cx16 xtpr pdcm pcid sse4_1 sse4_2 popcnt lahf_lm arat dtherm tpr_shadow vnmi flexpriority ept vpid
bogomips	: 4800.20
clflush size	: 64
cache_alignment	: 64
address sizes	: 36 bits physical, 48 bits virtual
power management:



Memory: 4k page, physical 3926400k(728708k free), swap 15359996k(13885236k free)

vm_info: Java HotSpot(TM) Server VM (24.51-b03) for linux-x86 JRE (1.7.0_51-b13), built on Dec 18 2013 18:45:30 by "java_re" with gcc 4.3.0 20080428 (Red Hat 4.3.0-8)

time: Sun May  4 23:36:41 2014
elapsed time: 0 seconds

